# JRE version: OpenJDK Runtime Environment Temurin-21.0.10+7 (21.0.10+7) (build 21.0.10+7-LTS)
# Java VM: OpenJDK 64-Bit Server VM Temurin-21.0.10+7 (21.0.10+7-LTS, mixed mode, sharing, tiered, compressed oops, compressed class ptrs, parallel gc, windows-amd64)
GC Precious Log:
 CardTable entry size: 512
 CPUs: 4 total, 4 available
 Memory: 7914M
 Large Page Support: Disabled
 NUMA Support: Disabled
 Compressed Oops: Enabled (32-bit)
 Alignments: Space 512K, Generation 512K, Heap 2M
 Heap Min Capacity: 100M
 Heap Initial Capacity: 100M
 Heap Max Capacity: 2G
 Pre-touch: Disabled
 Parallel Workers: 4
Heap:
 PSYoungGen      total 16384K, used 13922K [0x00000000d5580000, 0x00000000d6a80000, 0x0000000100000000)
  eden space 15872K, 85% used [0x00000000d5580000,0x00000000d62b09c0,0x00000000d6500000)
  from space 512K, 81% used [0x00000000d6a00000,0x00000000d6a68000,0x00000000d6a80000)
  to   space 1024K, 0% used [0x00000000d6880000,0x00000000d6880000,0x00000000d6980000)
 ParOldGen       total 68608K, used 35481K [0x0000000080000000, 0x0000000084300000, 0x00000000d5580000)
  object space 68608K, 51% used [0x0000000080000000,0x00000000822a67b8,0x0000000084300000)
 Metaspace       used 52897K, committed 54080K, reserved 1114112K
  class space    used 5814K, committed 6336K, reserved 1048576K
GC Heap History (20 events):
Event: 170.262 GC heap before
{Heap before GC invocations=15 (full 2):
 PSYoungGen      total 25088K, used 516K [0x00000000d5580000, 0x00000000d7180000, 0x0000000100000000)
  eden space 22016K, 0% used [0x00000000d5580000,0x00000000d5580000,0x00000000d6b00000)
  from space 3072K, 16% used [0x00000000d6b80000,0x00000000d6c010c0,0x00000000d6e80000)
  to   space 1536K, 0% used [0x00000000d7000000,0x00000000d7000000,0x00000000d7180000)
 ParOldGen       total 68608K, used 19686K [0x0000000080000000, 0x0000000084300000, 0x00000000d5580000)
  object space 68608K, 28% used [0x0000000080000000,0x0000000081339a60,0x0000000084300000)
 Metaspace       used 34829K, committed 35840K, reserved 1114112K
  class space    used 3604K, committed 4032K, reserved 1048576K
}
Event: 170.306 GC heap after
{Heap after GC invocations=15 (full 2):
 PSYoungGen      total 25088K, used 0K [0x00000000d5580000, 0x00000000d7180000, 0x0000000100000000)
  eden space 22016K, 0% used [0x00000000d5580000,0x00000000d5580000,0x00000000d6b00000)
  from space 3072K, 0% used [0x00000000d6b80000,0x00000000d6b80000,0x00000000d6e80000)
  to   space 1536K, 0% used [0x00000000d7000000,0x00000000d7000000,0x00000000d7180000)
 ParOldGen       total 68608K, used 19231K [0x0000000080000000, 0x0000000084300000, 0x00000000d5580000)
  object space 68608K, 28% used [0x0000000080000000,0x00000000812c7e40,0x0000000084300000)
 Metaspace       used 34829K, committed 35840K, reserved 1114112K
  class space    used 3604K, committed 4032K, reserved 1048576K
}
Event: 170.888 GC heap before
{Heap before GC invocations=16 (full 2):
 PSYoungGen      total 25088K, used 22008K [0x00000000d5580000, 0x00000000d7180000, 0x0000000100000000)
  eden space 22016K, 99% used [0x00000000d5580000,0x00000000d6afe318,0x00000000d6b00000)
  from space 3072K, 0% used [0x00000000d6b80000,0x00000000d6b80000,0x00000000d6e80000)
  to   space 1536K, 0% used [0x00000000d7000000,0x00000000d7000000,0x00000000d7180000)
 ParOldGen       total 68608K, used 19231K [0x0000000080000000, 0x0000000084300000, 0x00000000d5580000)
  object space 68608K, 28% used [0x0000000080000000,0x00000000812c7e40,0x0000000084300000)
 Metaspace       used 37109K, committed 38144K, reserved 1114112K
  class space    used 3902K, committed 4352K, reserved 1048576K
}
Event: 170.891 GC heap after
{Heap after GC invocations=16 (full 2):
 PSYoungGen      total 23552K, used 1489K [0x00000000d5580000, 0x00000000d7180000, 0x0000000100000000)
  eden space 22016K, 0% used [0x00000000d5580000,0x00000000d5580000,0x00000000d6b00000)
  from space 1536K, 96% used [0x00000000d7000000,0x00000000d71747a0,0x00000000d7180000)
  to   space 2048K, 0% used [0x00000000d6d80000,0x00000000d6d80000,0x00000000d6f80000)
 ParOldGen       total 68608K, used 19239K [0x0000000080000000, 0x0000000084300000, 0x00000000d5580000)
  object space 68608K, 28% used [0x0000000080000000,0x00000000812c9e40,0x0000000084300000)
 Metaspace       used 37109K, committed 38144K, reserved 1114112K
  class space    used 3902K, committed 4352K, reserved 1048576K
}
Event: 171.241 GC heap before
{Heap before GC invocations=17 (full 2):
 PSYoungGen      total 23552K, used 23505K [0x00000000d5580000, 0x00000000d7180000, 0x0000000100000000)
  eden space 22016K, 100% used [0x00000000d5580000,0x00000000d6b00000,0x00000000d6b00000)
  from space 1536K, 96% used [0x00000000d7000000,0x00000000d71747a0,0x00000000d7180000)
  to   space 2048K, 0% used [0x00000000d6d80000,0x00000000d6d80000,0x00000000d6f80000)
 ParOldGen       total 68608K, used 19239K [0x0000000080000000, 0x0000000084300000, 0x00000000d5580000)
  object space 68608K, 28% used [0x0000000080000000,0x00000000812c9e40,0x0000000084300000)
 Metaspace       used 39333K, committed 40448K, reserved 1114112K
  class space    used 4167K, committed 4608K, reserved 1048576K
}
Event: 171.246 GC heap after
{Heap after GC invocations=17 (full 2):
 PSYoungGen      total 24064K, used 2044K [0x00000000d5580000, 0x00000000d7080000, 0x0000000100000000)
  eden space 22016K, 0% used [0x00000000d5580000,0x00000000d5580000,0x00000000d6b00000)
  from space 2048K, 99% used [0x00000000d6d80000,0x00000000d6f7f310,0x00000000d6f80000)
  to   space 1024K, 0% used [0x00000000d6f80000,0x00000000d6f80000,0x00000000d7080000)
 ParOldGen       total 68608K, used 21198K [0x0000000080000000, 0x0000000084300000, 0x00000000d5580000)
  object space 68608K, 30% used [0x0000000080000000,0x00000000814b3bb8,0x0000000084300000)
 Metaspace       used 39333K, committed 40448K, reserved 1114112K
  class space    used 4167K, committed 4608K, reserved 1048576K
}
Event: 171.934 GC heap before
{Heap before GC invocations=18 (full 2):
 PSYoungGen      total 24064K, used 24060K [0x00000000d5580000, 0x00000000d7080000, 0x0000000100000000)
  eden space 22016K, 100% used [0x00000000d5580000,0x00000000d6b00000,0x00000000d6b00000)
  from space 2048K, 99% used [0x00000000d6d80000,0x00000000d6f7f310,0x00000000d6f80000)
  to   space 1024K, 0% used [0x00000000d6f80000,0x00000000d6f80000,0x00000000d7080000)
 ParOldGen       total 68608K, used 21198K [0x0000000080000000, 0x0000000084300000, 0x00000000d5580000)
  object space 68608K, 30% used [0x0000000080000000,0x00000000814b3bb8,0x0000000084300000)
 Metaspace       used 42148K, committed 43264K, reserved 1114112K
  class space    used 4486K, committed 4928K, reserved 1048576K
}
Event: 171.938 GC heap after
{Heap after GC invocations=18 (full 2):
 PSYoungGen      total 23040K, used 1024K [0x00000000d5580000, 0x00000000d7100000, 0x0000000100000000)
  eden space 22016K, 0% used [0x00000000d5580000,0x00000000d5580000,0x00000000d6b00000)
  from space 1024K, 100% used [0x00000000d6f80000,0x00000000d7080000,0x00000000d7080000)
  to   space 3072K, 0% used [0x00000000d6b00000,0x00000000d6b00000,0x00000000d6e00000)
 ParOldGen       total 68608K, used 22797K [0x0000000080000000, 0x0000000084300000, 0x00000000d5580000)
  object space 68608K, 33% used [0x0000000080000000,0x0000000081643768,0x0000000084300000)
 Metaspace       used 42148K, committed 43264K, reserved 1114112K
  class space    used 4486K, committed 4928K, reserved 1048576K
}
Event: 172.366 GC heap before
{Heap before GC invocations=19 (full 2):
 PSYoungGen      total 23040K, used 23040K [0x00000000d5580000, 0x00000000d7100000, 0x0000000100000000)
  eden space 22016K, 100% used [0x00000000d5580000,0x00000000d6b00000,0x00000000d6b00000)
  from space 1024K, 100% used [0x00000000d6f80000,0x00000000d7080000,0x00000000d7080000)
  to   space 3072K, 0% used [0x00000000d6b00000,0x00000000d6b00000,0x00000000d6e00000)
 ParOldGen       total 68608K, used 22797K [0x0000000080000000, 0x0000000084300000, 0x00000000d5580000)
  object space 68608K, 33% used [0x0000000080000000,0x0000000081643768,0x0000000084300000)
 Metaspace       used 44793K, committed 45952K, reserved 1114112K
  class space    used 4822K, committed 5312K, reserved 1048576K
}
Event: 172.368 GC heap after
{Heap after GC invocations=19 (full 2):
 PSYoungGen      total 25088K, used 1433K [0x00000000d5580000, 0x00000000d7000000, 0x0000000100000000)
  eden space 22016K, 0% used [0x00000000d5580000,0x00000000d5580000,0x00000000d6b00000)
  from space 3072K, 46% used [0x00000000d6b00000,0x00000000d6c66470,0x00000000d6e00000)
  to   space 2048K, 0% used [0x00000000d6e00000,0x00000000d6e00000,0x00000000d7000000)
 ParOldGen       total 68608K, used 23800K [0x0000000080000000, 0x0000000084300000, 0x00000000d5580000)
  object space 68608K, 34% used [0x0000000080000000,0x000000008173e248,0x0000000084300000)
 Metaspace       used 44793K, committed 45952K, reserved 1114112K
  class space    used 4822K, committed 5312K, reserved 1048576K
}
Event: 172.789 GC heap before
{Heap before GC invocations=20 (full 2):
 PSYoungGen      total 25088K, used 23449K [0x00000000d5580000, 0x00000000d7000000, 0x0000000100000000)
  eden space 22016K, 100% used [0x00000000d5580000,0x00000000d6b00000,0x00000000d6b00000)
  from space 3072K, 46% used [0x00000000d6b00000,0x00000000d6c66470,0x00000000d6e00000)
  to   space 2048K, 0% used [0x00000000d6e00000,0x00000000d6e00000,0x00000000d7000000)
 ParOldGen       total 68608K, used 23800K [0x0000000080000000, 0x0000000084300000, 0x00000000d5580000)
  object space 68608K, 34% used [0x0000000080000000,0x000000008173e248,0x0000000084300000)
 Metaspace       used 46417K, committed 47616K, reserved 1114112K
  class space    used 5038K, committed 5568K, reserved 1048576K
}
Event: 172.810 GC heap after
{Heap after GC invocations=20 (full 2):
 PSYoungGen      total 17920K, used 2048K [0x00000000d5580000, 0x00000000d7d00000, 0x0000000100000000)
  eden space 15872K, 0% used [0x00000000d5580000,0x00000000d5580000,0x00000000d6500000)
  from space 2048K, 100% used [0x00000000d6e00000,0x00000000d7000000,0x00000000d7000000)
  to   space 9216K, 0% used [0x00000000d6500000,0x00000000d6500000,0x00000000d6e00000)
 ParOldGen       total 68608K, used 29717K [0x0000000080000000, 0x0000000084300000, 0x00000000d5580000)
  object space 68608K, 43% used [0x0000000080000000,0x0000000081d05600,0x0000000084300000)
 Metaspace       used 46417K, committed 47616K, reserved 1114112K
  class space    used 5038K, committed 5568K, reserved 1048576K
}
Event: 173.308 GC heap before
{Heap before GC invocations=21 (full 2):
 PSYoungGen      total 17920K, used 17920K [0x00000000d5580000, 0x00000000d7d00000, 0x0000000100000000)
  eden space 15872K, 100% used [0x00000000d5580000,0x00000000d6500000,0x00000000d6500000)
  from space 2048K, 100% used [0x00000000d6e00000,0x00000000d7000000,0x00000000d7000000)
  to   space 9216K, 0% used [0x00000000d6500000,0x00000000d6500000,0x00000000d6e00000)
 ParOldGen       total 68608K, used 29717K [0x0000000080000000, 0x0000000084300000, 0x00000000d5580000)
  object space 68608K, 43% used [0x0000000080000000,0x0000000081d05600,0x0000000084300000)
 Metaspace       used 48099K, committed 49344K, reserved 1114112K
  class space    used 5257K, committed 5824K, reserved 1048576K
}
Event: 173.312 GC heap after
{Heap after GC invocations=21 (full 2):
 PSYoungGen      total 16896K, used 784K [0x00000000d5580000, 0x00000000d6e80000, 0x0000000100000000)
  eden space 15872K, 0% used [0x00000000d5580000,0x00000000d5580000,0x00000000d6500000)
  from space 1024K, 76% used [0x00000000d6500000,0x00000000d65c4010,0x00000000d6600000)
  to   space 3584K, 0% used [0x00000000d6b00000,0x00000000d6b00000,0x00000000d6e80000)
 ParOldGen       total 68608K, used 31741K [0x0000000080000000, 0x0000000084300000, 0x00000000d5580000)
  object space 68608K, 46% used [0x0000000080000000,0x0000000081eff4b0,0x0000000084300000)
 Metaspace       used 48099K, committed 49344K, reserved 1114112K
  class space    used 5257K, committed 5824K, reserved 1048576K
}
Event: 174.413 GC heap before
{Heap before GC invocations=22 (full 2):
 PSYoungGen      total 16896K, used 16656K [0x00000000d5580000, 0x00000000d6e80000, 0x0000000100000000)
  eden space 15872K, 100% used [0x00000000d5580000,0x00000000d6500000,0x00000000d6500000)
  from space 1024K, 76% used [0x00000000d6500000,0x00000000d65c4010,0x00000000d6600000)
  to   space 3584K, 0% used [0x00000000d6b00000,0x00000000d6b00000,0x00000000d6e80000)
 ParOldGen       total 68608K, used 31741K [0x0000000080000000, 0x0000000084300000, 0x00000000d5580000)
  object space 68608K, 46% used [0x0000000080000000,0x0000000081eff4b0,0x0000000084300000)
 Metaspace       used 49732K, committed 50944K, reserved 1114112K
  class space    used 5489K, committed 6016K, reserved 1048576K
}
Event: 174.416 GC heap after
{Heap after GC invocations=22 (full 2):
 PSYoungGen      total 18432K, used 2096K [0x00000000d5580000, 0x00000000d6d80000, 0x0000000100000000)
  eden space 15872K, 0% used [0x00000000d5580000,0x00000000d5580000,0x00000000d6500000)
  from space 2560K, 81% used [0x00000000d6b00000,0x00000000d6d0c068,0x00000000d6d80000)
  to   space 2560K, 0% used [0x00000000d6880000,0x00000000d6880000,0x00000000d6b00000)
 ParOldGen       total 68608K, used 32471K [0x0000000080000000, 0x0000000084300000, 0x00000000d5580000)
  object space 68608K, 47% used [0x0000000080000000,0x0000000081fb5e90,0x0000000084300000)
 Metaspace       used 49732K, committed 50944K, reserved 1114112K
  class space    used 5489K, committed 6016K, reserved 1048576K
}
Event: 175.403 GC heap before
{Heap before GC invocations=23 (full 2):
 PSYoungGen      total 18432K, used 17968K [0x00000000d5580000, 0x00000000d6d80000, 0x0000000100000000)
  eden space 15872K, 100% used [0x00000000d5580000,0x00000000d6500000,0x00000000d6500000)
  from space 2560K, 81% used [0x00000000d6b00000,0x00000000d6d0c068,0x00000000d6d80000)
  to   space 2560K, 0% used [0x00000000d6880000,0x00000000d6880000,0x00000000d6b00000)
 ParOldGen       total 68608K, used 32471K [0x0000000080000000, 0x0000000084300000, 0x00000000d5580000)
  object space 68608K, 47% used [0x0000000080000000,0x0000000081fb5e90,0x0000000084300000)
 Metaspace       used 51613K, committed 52864K, reserved 1114112K
  class space    used 5696K, committed 6208K, reserved 1048576K
}
Event: 175.410 GC heap after
{Heap after GC invocations=23 (full 2):
 PSYoungGen      total 17408K, used 1056K [0x00000000d5580000, 0x00000000d6b80000, 0x0000000100000000)
  eden space 15872K, 0% used [0x00000000d5580000,0x00000000d5580000,0x00000000d6500000)
  from space 1536K, 68% used [0x00000000d6880000,0x00000000d6988010,0x00000000d6a00000)
  to   space 1536K, 0% used [0x00000000d6a00000,0x00000000d6a00000,0x00000000d6b80000)
 ParOldGen       total 68608K, used 34511K [0x0000000080000000, 0x0000000084300000, 0x00000000d5580000)
  object space 68608K, 50% used [0x0000000080000000,0x00000000821b3f18,0x0000000084300000)
 Metaspace       used 51613K, committed 52864K, reserved 1114112K
  class space    used 5696K, committed 6208K, reserved 1048576K
}
Event: 180.394 GC heap before
{Heap before GC invocations=24 (full 2):
 PSYoungGen      total 17408K, used 16928K [0x00000000d5580000, 0x00000000d6b80000, 0x0000000100000000)
  eden space 15872K, 100% used [0x00000000d5580000,0x00000000d6500000,0x00000000d6500000)
  from space 1536K, 68% used [0x00000000d6880000,0x00000000d6988010,0x00000000d6a00000)
  to   space 1536K, 0% used [0x00000000d6a00000,0x00000000d6a00000,0x00000000d6b80000)
 ParOldGen       total 68608K, used 34511K [0x0000000080000000, 0x0000000084300000, 0x00000000d5580000)
  object space 68608K, 50% used [0x0000000080000000,0x00000000821b3f18,0x0000000084300000)
 Metaspace       used 51821K, committed 52992K, reserved 1114112K
  class space    used 5719K, committed 6208K, reserved 1048576K
}
Event: 180.396 GC heap after
{Heap after GC invocations=24 (full 2):
 PSYoungGen      total 16384K, used 416K [0x00000000d5580000, 0x00000000d6a80000, 0x0000000100000000)
  eden space 15872K, 0% used [0x00000000d5580000,0x00000000d5580000,0x00000000d6500000)
  from space 512K, 81% used [0x00000000d6a00000,0x00000000d6a68000,0x00000000d6a80000)
  to   space 1024K, 0% used [0x00000000d6880000,0x00000000d6880000,0x00000000d6980000)
 ParOldGen       total 68608K, used 35481K [0x0000000080000000, 0x0000000084300000, 0x00000000d5580000)
  object space 68608K, 51% used [0x0000000080000000,0x00000000822a67b8,0x0000000084300000)
 Metaspace       used 51821K, committed 52992K, reserved 1114112K
  class space    used 5719K, committed 6208K, reserved 1048576K
}

